<?xml version="1.0" encoding="UTF-8"?>
<!-- Generated by org.testng.reporters.JUnitXMLReporter -->
<testsuite ignored="0" hostname="Supercomputer" failures="0" tests="3" name="Default test" time="37.614" errors="0" timestamp="02 Sep 2022 03:13:01 GMT">
  <testcase classname="compatibility.compatibilityTest" name="chromeTest" time="8.139"/>
  <testcase classname="compatibility.compatibilityTest" name="edgeTest" time="8.801"/>
  <testcase classname="compatibility.compatibilityTest" name="firefoxTest" time="15.687"/>
</testsuite> <!-- Default test -->
