<?xml version="1.0" encoding="UTF-8"?>
<!-- Generated by org.testng.reporters.JUnitXMLReporter -->
<testsuite ignored="0" hostname="Supercomputer" failures="1" tests="4" name="Test_select_product_noLogin" time="42.602" errors="0" timestamp="02 Sep 2022 07:08:05 GMT">
  <testcase classname="selectProductTests.SelectProductWithoutLogin" name="selectProductWithoutLoginWithEmptyProductName" time="2.256">
    <failure type="java.lang.AssertionError" message="expected [Page Not Found | bigbasket.com] but found [Online Grocery Shopping and Online Supermarket in India - bigbasket]">
      <![CDATA[java.lang.AssertionError: expected [Page Not Found | bigbasket.com] but found [Online Grocery Shopping and Online Supermarket in India - bigbasket]
at selectProductTests.SelectProductWithoutLogin.selectProductWithoutLoginWithEmptyProductName(SelectProductWithoutLogin.java:84)
... Removed 29 stack frames]]>
    </failure>
  </testcase> <!-- selectProductWithoutLoginWithEmptyProductName -->
  <testcase classname="selectProductTests.SelectProductWithoutLogin" name="selectProductWithoutLoginWithExistingProductName" time="9.666"/>
  <testcase classname="selectProductTests.SelectProductWithoutLogin" name="selectProductWithoutLoginWithInvalidProductName" time="5.663"/>
  <testcase classname="selectProductTests.SelectProductWithoutLogin" name="selectProductWithoutLoginWithSpellingMistakeInProductName" time="14.389"/>
</testsuite> <!-- Test_select_product_noLogin -->
