<?xml version="1.0" encoding="UTF-8"?>
<!-- Generated by org.testng.reporters.JUnitXMLReporter -->
<testsuite ignored="0" hostname="Supercomputer" failures="0" tests="3" name="Test2" time="38.986" errors="0" timestamp="01 Sep 2022 09:39:19 GMT">
  <testcase classname="loginTests.loginEmailtest" name="Test1" time="0.068"/>
  <testcase classname="loginTests.loginEmailtest" name="Test1" time="0.074"/>
  <testcase classname="loginTests.loginEmailtest" name="Test1" time="30.236"/>
</testsuite> <!-- Test2 -->
