<?xml version="1.0" encoding="UTF-8"?>
<!-- Generated by org.testng.reporters.JUnitXMLReporter -->
<testsuite ignored="0" hostname="Supercomputer" failures="0" tests="4" name="Test_login_mobile" time="41.417" errors="0" timestamp="02 Sep 2022 07:03:24 GMT">
  <testcase classname="loginTests.loginMobtest" name="Test1" time="0.129"/>
  <testcase classname="loginTests.loginMobtest" name="Test1" time="0.067"/>
  <testcase classname="loginTests.loginMobtest" name="Test1" time="0.057"/>
  <testcase classname="loginTests.loginMobtest" name="Test1" time="30.411"/>
</testsuite> <!-- Test_login_mobile -->
