<?xml version="1.0" encoding="UTF-8"?>
<!-- Generated by org.testng.reporters.JUnitXMLReporter -->
<testsuite ignored="0" hostname="Supercomputer" failures="0" tests="3" name="Test_compatibility" time="34.603" errors="0" timestamp="02 Sep 2022 07:13:40 GMT">
  <testcase classname="compatibility.compatibilityTest" name="chromeTest" time="9.738"/>
  <testcase classname="compatibility.compatibilityTest" name="edgeTest" time="10.642"/>
  <testcase classname="compatibility.compatibilityTest" name="firefoxTest" time="12.759"/>
</testsuite> <!-- Test_compatibility -->
