<?xml version="1.0" encoding="UTF-8"?>
<!-- Generated by org.testng.reporters.JUnitXMLReporter -->
<testsuite ignored="0" hostname="Supercomputer" failures="1" tests="4" name="Test7" time="43.123" errors="0" timestamp="01 Sep 2022 09:43:12 GMT">
  <testcase classname="selectProductTests.SelectProductWithoutLogin" name="selectProductWithoutLoginWithEmptyProductName" time="2.936">
    <failure type="java.lang.AssertionError" message="expected [Page Not Found | bigbasket.com] but found [Online Grocery Shopping and Online Supermarket in India - bigbasket]">
      <![CDATA[java.lang.AssertionError: expected [Page Not Found | bigbasket.com] but found [Online Grocery Shopping and Online Supermarket in India - bigbasket]
at selectProductTests.SelectProductWithoutLogin.selectProductWithoutLoginWithEmptyProductName(SelectProductWithoutLogin.java:83)
... Removed 29 stack frames]]>
    </failure>
  </testcase> <!-- selectProductWithoutLoginWithEmptyProductName -->
  <testcase classname="selectProductTests.SelectProductWithoutLogin" name="selectProductWithoutLoginWithExistingProductName" time="10.894"/>
  <testcase classname="selectProductTests.SelectProductWithoutLogin" name="selectProductWithoutLoginWithInvalidProductName" time="3.518"/>
  <testcase classname="selectProductTests.SelectProductWithoutLogin" name="selectProductWithoutLoginWithSpellingMistakeInProductName" time="13.683"/>
</testsuite> <!-- Test7 -->
