<?xml version="1.0" encoding="UTF-8"?>
<!-- Generated by org.testng.reporters.JUnitXMLReporter -->
<testsuite ignored="0" hostname="Supercomputer" failures="0" tests="4" name="Test1" time="51.719" errors="0" timestamp="01 Sep 2022 09:38:40 GMT">
  <testcase classname="loginTests.loginMobtest" name="Test1" time="0.096"/>
  <testcase classname="loginTests.loginMobtest" name="Test1" time="0.063"/>
  <testcase classname="loginTests.loginMobtest" name="Test1" time="0.059"/>
  <testcase classname="loginTests.loginMobtest" name="Test1" time="42.282"/>
</testsuite> <!-- Test1 -->
